<?xml version="1.0" encoding="UTF-8"?>
<testng-results ignored="0" total="2" passed="2" failed="0" skipped="0">
  <reporter-output>
  </reporter-output>
  <suite started-at="2022-03-28T10:39:13 IST" name="Suite" finished-at="2022-03-28T10:39:42 IST" duration-ms="29249">
    <groups>
      <group name="cucumber">
        <method signature="AbstractTestNGCucumberTests.runScenario(io.cucumber.testng.PickleWrapper,io.cucumber.testng.FeatureWrapper)[pri:0, instance:com.flyaway.testscripts.TestRunner@5d2a4eed]" name="runScenario" class="io.cucumber.testng.AbstractTestNGCucumberTests"/>
      </group> <!-- cucumber -->
    </groups>
    <test started-at="2022-03-28T10:39:13 IST" name="Test" finished-at="2022-03-28T10:39:42 IST" duration-ms="29249">
      <class name="com.flyaway.testscripts.TestRunner">
        <test-method is-config="true" signature="setUpClass(org.testng.ITestContext)[pri:0, instance:com.flyaway.testscripts.TestRunner@5d2a4eed]" started-at="2022-03-28T10:39:13 IST" name="setUpClass" finished-at="2022-03-28T10:39:13 IST" duration-ms="227" status="PASS">
          <params>
            <param index="0">
              <value>
                <![CDATA[org.testng.TestRunner@78d71df1]]>
              </value>
            </param>
          </params>
          <reporter-output>
          </reporter-output>
        </test-method> <!-- setUpClass -->
        <test-method signature="runScenario(io.cucumber.testng.PickleWrapper,io.cucumber.testng.FeatureWrapper)[pri:0, instance:com.flyaway.testscripts.TestRunner@5d2a4eed]" started-at="2022-03-28T10:39:13 IST" name="runScenario" description="Runs Cucumber Scenarios" data-provider="scenarios" finished-at="2022-03-28T10:39:27 IST" duration-ms="14247" status="PASS">
          <params>
            <param index="0">
              <value>
                <![CDATA["Sign Up Functionality"]]>
              </value>
            </param>
            <param index="1">
              <value>
                <![CDATA["Optional[A user should be able to sign up]"]]>
              </value>
            </param>
          </params>
          <reporter-output>
          </reporter-output>
        </test-method> <!-- runScenario -->
        <test-method signature="runScenario(io.cucumber.testng.PickleWrapper,io.cucumber.testng.FeatureWrapper)[pri:0, instance:com.flyaway.testscripts.TestRunner@5d2a4eed]" started-at="2022-03-28T10:39:27 IST" name="runScenario" description="Runs Cucumber Scenarios" data-provider="scenarios" finished-at="2022-03-28T10:39:42 IST" duration-ms="14725" status="PASS">
          <params>
            <param index="0">
              <value>
                <![CDATA["Flight Booking Functionality"]]>
              </value>
            </param>
            <param index="1">
              <value>
                <![CDATA["Optional[A user should be able to Book available Flights]"]]>
              </value>
            </param>
          </params>
          <reporter-output>
          </reporter-output>
        </test-method> <!-- runScenario -->
        <test-method is-config="true" signature="tearDownClass()[pri:0, instance:com.flyaway.testscripts.TestRunner@5d2a4eed]" started-at="2022-03-28T10:39:42 IST" name="tearDownClass" finished-at="2022-03-28T10:39:42 IST" duration-ms="10" status="PASS">
          <reporter-output>
          </reporter-output>
        </test-method> <!-- tearDownClass -->
      </class> <!-- com.flyaway.testscripts.TestRunner -->
    </test> <!-- Test -->
  </suite> <!-- Suite -->
</testng-results>
